== [1] Ensure NSG exists ==

== [2] Upsert allow rules for VirtualNetwork + AzureLoadBalancer -> 8000 ==
✅ Allow rules added

== [3] Show CC rules ==
Column1    Column2                       Column3    Column4            Column5
---------  ----------------------------  ---------  -----------------  ---------
200        cc-allow-appgw-to-api-8000-0  Allow      10.10.0.0/24       8000
300        cc-deny-any-to-api-8000       Deny       *                  8000
210        cc-allow-vnet-to-api-8000     Allow      VirtualNetwork     8000
211        cc-allow-azlb-to-api-8000     Allow      AzureLoadBalancer  8000

== [4] AppGW backend health ==


== [5] Runtime check (expect 200) ==
HTTP/1.1 405 Method Not Allowed
Date: Sun, 01 Mar 2026 01:13:55 GMT
Content-Type: application/json
Content-Length: 31
Connection: keep-alive
server: uvicorn
allow: GET
Strict-Transport-Security: max-age=31536000; includeSubDomains; preload
X-Content-Type-Options: nosniff
X-Frame-Options: DENY
Referrer-Policy: strict-origin-when-cross-origin

{"ok":true}

== Rollback Git (1 step) ==
git reset --hard HEAD~1
== Done ==
