== [CC_PATCH_WAF_ENABLE_ATTACHED_POLICY_V1_20260301] Start ==

== [1] Detect firewallPolicy attached to AppGW ==
Attached policy id: /subscriptions/cc3a790a-d8c5-4d0e-8ef4-d802a48c2d1b/resourceGroups/rg-colconnect-prod-frc/providers/Microsoft.Network/ApplicationGatewayWebApplicationFirewallPolicies/waf-colconnect-prod
Attached policy name: waf-colconnect-prod

== [2] Ensure policy exists & show current settings ==
Mode       State
---------  --------
Detection  Disabled

== [3] Ensure OWASP CRS is present (best effort) ==
✅ ManagedRuleSets already present (1) -> keep as-is

== [4] Set policy state=Enabled and mode=Detection ==

== [5] Confirm policy settings ==
Mode       State
---------  -------
Detection  Enabled

== [6] Confirm AppGW association still points to same policy ==
/subscriptions/cc3a790a-d8c5-4d0e-8ef4-d802a48c2d1b/resourceGroups/rg-colconnect-prod-frc/providers/Microsoft.Network/ApplicationGatewayWebApplicationFirewallPolicies/waf-colconnect-prod

== Rollback Git (1 step) ==
git reset --hard HEAD~1

== [CC_PATCH_WAF_ENABLE_ATTACHED_POLICY_V1_20260301] Done ==
