== [CC_PATCH_APPGW_ADD_CERT_COLCONNECT_ROOT_WWW_AUTODETECT_V3] Start ==
== Search PFX candidates on Desktop ==
Found:
 - /mnt/c/Users/benme/Desktop/api-colconnect-fr.pfx
 - /mnt/c/Users/benme/Desktop/colconnect.fr.fullchain.pfx

== Pick best match (prefer filenames containing root/www/colconnect, exclude api-colconnect if possible) ==
✅ Using PFX_PATH=/mnt/c/Users/benme/Desktop/colconnect.fr.fullchain.pfx
-rwxrwxrwx 1 benmeryem benmeryem 2.7K Mar  1 06:13 /mnt/c/Users/benme/Desktop/colconnect.fr.fullchain.pfx

== Import certificate into Key Vault ==
✅ KV certificate imported: cert-colconnect-root-www

== Resolve KV secret ID (sid) ==
SECRET_ID=https://kv-colconnect-prod-frc.vault.azure.net/secrets/cert-colconnect-root-www/3c7958b457244fffb5208c823b7b0b46

== Create/Update AppGW ssl-cert ==
✅ Created ssl-cert: ssl-colconnect-root-www

== Verify ssl-cert exists ==
{
  "kvSecret": "https://kv-colconnect-prod-frc.vault.azure.net/secrets/cert-colconnect-root-www/3c7958b457244fffb5208c823b7b0b46",
  "name": "ssl-colconnect-root-www",
  "provisioningState": "Succeeded"
}

Rollback (git): git reset --hard HEAD~1
== Done ==
