== [CC_PATCH_APPGW_STRICT_HEALTH_PROBE_V8] Start ==
== Ensure http-settings host header is correct ==

== Show probe state (before) ==
{
  "host": "api.colconnect.fr",
  "interval": 15,
  "match": [
    "200-399"
  ],
  "path": "/api/v1/health",
  "pick": false,
  "timeout": 5
}

== Apply strict probe settings (path/status/interval/timeout) ==

== ATOMIC switch: pickHostNameFromBackendHttpSettings=true AND host='' in same request ==

== Verify probe state (after) ==
{
  "host": "",
  "interval": 15,
  "match": [
    "200-399"
  ],
  "path": "/api/v1/health",
  "pick": true,
  "timeout": 5,
  "unhealthyThreshold": 3
}

Rollback (git): git reset --hard HEAD~1
== Done ==
