== [1] HTTP -> HTTPS (expect 301/308) ==
HTTP/1.1 301 Moved Permanently
Server: Microsoft-Azure-Application-Gateway/v2
Date: Sun, 01 Mar 2026 01:16:44 GMT
Content-Type: text/html
Content-Length: 195
Connection: keep-alive
Location: https://api.colconnect.fr/api/v1/health


== [2] HTTPS health GET (expect 200 + ok) ==
HTTP/1.1 200 OK
Date: Sun, 01 Mar 2026 01:16:44 GMT
Content-Type: application/json
Content-Length: 11
Connection: keep-alive
server: uvicorn
Strict-Transport-Security: max-age=31536000; includeSubDomains; preload
X-Content-Type-Options: nosniff
X-Frame-Options: DENY
Referrer-Policy: strict-origin-when-cross-origin

Body:
{"ok":true}

== [3] Backend health (must be Healthy) ==


== [4] WAF mode/state (attached policy) ==
Policy: waf-colconnect-prod
Mode        State
----------  -------
Prevention  Enabled

== [5] WAF custom rules ==
Action    Name                   Priority    RuleType    State
--------  ---------------------  ----------  ----------  -------
Block     cr-block-common-scans  3           MatchRule   Enabled

== [6] NSG rules (cc-*) ==
Column1    Column2                       Column3    Column4            Column5
---------  ----------------------------  ---------  -----------------  ---------
200        cc-allow-appgw-to-api-8000-0  Allow      10.10.0.0/24       8000
300        cc-deny-any-to-api-8000       Deny       *                  8000
210        cc-allow-vnet-to-api-8000     Allow      VirtualNetwork     8000
211        cc-allow-azlb-to-api-8000     Allow      AzureLoadBalancer  8000

== Rollback Git (1 step) ==
git reset --hard HEAD~1
== Done ==
