== [1] HTTP -> HTTPS redirect ==
HTTP/1.1 301 Moved Permanently
Server: Microsoft-Azure-Application-Gateway/v2
Date: Sun, 01 Mar 2026 01:04:45 GMT
Content-Type: text/html
Content-Length: 195
Connection: keep-alive
Location: https://api.colconnect.fr/api/v1/health


== [2] HTTPS health ==

== [3] AppGW backend health (must show Healthy) ==


== [4] WAF policy mode/state (attached to AppGW) ==
Policy: waf-colconnect-prod
Mode        State
----------  -------
Prevention  Enabled

== [5] NSG rules (cc-*) ==
Column1    Column2                       Column3    Column4       Column5
---------  ----------------------------  ---------  ------------  ---------
200        cc-allow-appgw-to-api-8000-0  Allow      10.10.0.0/24  8000
300        cc-deny-any-to-api-8000       Deny       *             8000

== Rollback Git (1 step) ==
git reset --hard HEAD~1
== Done ==
